deBigBos
╭─────────────────────────────────────────────────────────────────────────────────────────── Traceback (most recent call last) ────────────────────────────────────────────────────────────────────────────────────────────╮
│ C:\Users\ragun\.local\share\deBigBos\venv\Lib\site-packages\textual\widgets\_text_area.py:1713 in action_undo                                                                                                           │
│                                                                                                                                                                                                                          │
│   1710 │                                                                                        ╭───────────────────────── locals ──────────────────────────╮                                                            │
│   1711 │   def action_undo(self) -> None:                                                       │ self = ChatInput(id='prompt-input', classes='chat-input') │                                                            │
│   1712 │   │   """Undo the edits since the last checkpoint (the most recent batch of edits).""" ╰───────────────────────────────────────────────────────────╯                                                            │
│ ❱ 1713 │   │   self.undo()                                                                                                                                                                                               │
│   1714 │                                                                                                                                                                                                                 │
│   1715 │   def redo(self) -> None:                                                                                                                                                                                       │
│   1716 │   │   """Redo the most recently undone batch of edits."""                                                                                                                                                       │
│                                                                                                                                                                                                                          │
│ C:\Users\ragun\.local\share\deBigBos\venv\Lib\site-packages\textual\widgets\_text_area.py:1709 in undo                                                                                                                  │
│                                                                                                                                                                                                                          │
│   1706 │   def undo(self) -> None:                                                              ╭───────────────────────────────────────────────────── locals ─────────────────────────────────────────────────────╮     │
│   1707 │   │   """Undo the edits since the last checkpoint (the most recent batch of edits).""" │ edits = [                                                                                                        │     │
│   1708 │   │   if edits := self.history._pop_undo():                                            │         │   Edit(                                                                                                │     │
│ ❱ 1709 │   │   │   self._undo_batch(edits)                                                      │         │   │   text='Selesai Bos. Semua 5 task done + auto commit message. Ini rekap final:\r\r---\r\r## '+852, │     │
│   1710 │                                                                                        │         │   │   from_location=(0, 0),                                                                            │     │
│   1711 │   def action_undo(self) -> None:                                                       │         │   │   to_location=(0, 0),                                                                              │     │
│   1712 │   │   """Undo the edits since the last checkpoint (the most recent batch of edits).""" │         │   │   maintain_selection_offset=False,                                                                 │     │
│                                                                                                 │         │   │   _original_selection=Selection(start=(0, 0), end=(0, 0)),                                         │     │
│                                                                                                 │         │   │   _updated_selection=Selection(start=(0, 0), end=(0, 0)),                                          │     │
│                                                                                                 │         │   │   _edit_result=EditResult(end_location=(25, 36), replaced_text='')                                 │     │
│                                                                                                 │         │   )                                                                                                    │     │
│                                                                                                 │         ]                                                                                                        │     │
│                                                                                                 │  self = ChatInput(id='prompt-input', classes='chat-input')                                                       │     │
│                                                                                                 ╰──────────────────────────────────────────────────────────────────────────────────────────────────────────────────╯     │
│                                                                                                                                                                                                                          │
│ C:\Users\ragun\.local\share\deBigBos\venv\Lib\site-packages\textual\widgets\_text_area.py:1762 in _undo_batch                                                                                                           │
│                                                                                                                                                                                                                          │
│   1759 │   │   │   │   minimum_top, maximum_old_bottom, maximum_new_bottom                                                                                                                                               │
│   1760 │   │   │   )                                                                                                                                                                                                     │
│   1761 │   │                                                                                                                                                                                                             │
│ ❱ 1762 │   │   self._refresh_size()                                                                                                                                                                                      │
│   1763 │   │   for edit in reversed(edits):                                                                                                                                                                              │
│   1764 │   │   │   edit.after(self)                                                                                                                                                                                      │
│   1765 │   │   self._build_highlight_map()                                                                                                                                                                               │
│                                                                                                                                                                                                                          │
│ ╭─────────────────────────────────────────────────────────── locals ────────────────────────────────────────────────────────────╮                                                                                        │
│ │               edit = Edit(                                                                                                    │                                                                                        │
│ │                      │   text='Selesai Bos. Semua 5 task done + auto commit message. Ini rekap final:\r\r---\r\r## '+852,     │                                                                                        │
│ │                      │   from_location=(0, 0),                                                                                │                                                                                        │
│ │                      │   to_location=(0, 0),                                                                                  │                                                                                        │
│ │                      │   maintain_selection_offset=False,                                                                     │                                                                                        │
│ │                      │   _original_selection=Selection(start=(0, 0), end=(0, 0)),                                             │                                                                                        │
│ │                      │   _updated_selection=Selection(start=(0, 0), end=(0, 0)),                                              │                                                                                        │
│ │                      │   _edit_result=EditResult(end_location=(25, 36), replaced_text='')                                     │                                                                                        │
│ │                      )                                                                                                        │                                                                                        │
│ │              edits = [                                                                                                        │                                                                                        │
│ │                      │   Edit(                                                                                                │                                                                                        │
│ │                      │   │   text='Selesai Bos. Semua 5 task done + auto commit message. Ini rekap final:\r\r---\r\r## '+852, │                                                                                        │
│ │                      │   │   from_location=(0, 0),                                                                            │                                                                                        │
│ │                      │   │   to_location=(0, 0),                                                                              │                                                                                        │
│ │                      │   │   maintain_selection_offset=False,                                                                 │                                                                                        │
│ │                      │   │   _original_selection=Selection(start=(0, 0), end=(0, 0)),                                         │                                                                                        │
│ │                      │   │   _updated_selection=Selection(start=(0, 0), end=(0, 0)),                                          │                                                                                        │
│ │                      │   │   _edit_result=EditResult(end_location=(25, 36), replaced_text='')                                 │                                                                                        │
│ │                      │   )                                                                                                    │                                                                                        │
│ │                      ]                                                                                                        │                                                                                        │
│ │       end_location = (25, 36)                                                                                                 │                                                                                        │
│ │ maximum_new_bottom = (0, 0)                                                                                                   │                                                                                        │
│ │ maximum_old_bottom = (25, 36)                                                                                                 │                                                                                        │
│ │        minimum_top = (0, 0)                                                                                                   │                                                                                        │
│ │   new_gutter_width = 0                                                                                                        │                                                                                        │
│ │   old_gutter_width = 0                                                                                                        │                                                                                        │
│ │               self = ChatInput(id='prompt-input', classes='chat-input')                                                       │                                                                                        │
│ ╰───────────────────────────────────────────────────────────────────────────────────────────────────────────────────────────────╯                                                                                        │
│                                                                                                                                                                                                                          │
│ C:\Users\ragun\.local\share\deBigBos\venv\Lib\site-packages\textual\widgets\_text_area.py:1295 in _refresh_size                                                                                                         │
│                                                                                                                                                                                                                          │
│   1292 │   │   │   # +1 width to make space for the cursor resting at the end of the line       ╭───────────────────────── locals ──────────────────────────╮                                                            │
│   1293 │   │   │   width, height = self.document.get_size(self.indent_width)                    │ self = ChatInput(id='prompt-input', classes='chat-input') │                                                            │
│   1294 │   │   │   self.virtual_size = Size(width + self.gutter_width + 1, height)              ╰───────────────────────────────────────────────────────────╯                                                            │
│ ❱ 1295 │   │   self._refresh_scrollbars()                                                                                                                                                                                │
│   1296 │                                                                                                                                                                                                                 │
│   1297 │   @property                                                                                                                                                                                                     │
│   1298 │   def _draw_cursor(self) -> bool:                                                                                                                                                                               │
│                                                                                                                                                                                                                          │
│ C:\Users\ragun\.local\share\deBigBos\venv\Lib\site-packages\textual\widget.py:2132 in _refresh_scrollbars                                                                                                               │
│                                                                                                                                                                                                                          │
│   2129 │   │   │   self._scrollbar_changes.clear()                                              ╭───────────────────────────────────────────────── locals ─────────────────────────────────────────────────╮             │
│   2130 │   │                                                                                    │ _show_horizontal = False                                                                                 │             │
│   2131 │   │   self.show_horizontal_scrollbar = show_horizontal                                 │   _show_vertical = False                                                                                 │             │
│ ❱ 2132 │   │   self.show_vertical_scrollbar = show_vertical                                     │           height = 4                                                                                     │             │
│   2133 │   │                                                                                    │       overflow_x = 'auto'                                                                                │             │
│   2134 │   │   if self._horizontal_scrollbar is not None or show_horizontal:                    │       overflow_y = 'auto'                                                                                │             │
│   2135 │   │   │   self.horizontal_scrollbar.display = show_horizontal                          │             self = ChatInput(id='prompt-input', classes='chat-input')                                    │             │
│                                                                                                 │  show_horizontal = False                                                                                 │             │
│                                                                                                 │    show_vertical = False                                                                                 │             │
│                                                                                                 │           styles = RenderStyles(                                                                         │             │
│                                                                                                 │                    │   ChatInput(id='prompt-input', classes='chat-input'),                               │             │
│                                                                                                 │                    │   layout=<vertical>,                                                                │             │
│                                                                                                 │                    │   auto_color=False,                                                                 │             │
│                                                                                                 │                    │   color=Color(224, 224, 224),                                                       │             │
│                                                                                                 │                    │   background=Color(13, 13, 13),                                                     │             │
│                                                                                                 │                    │   padding=Spacing(top=0, right=1, bottom=0, left=1),                                │             │
│                                                                                                 │                    │   border_top=('solid', Color(51, 51, 85)),                                          │             │
│                                                                                                 │                    │   border_right=('solid', Color(51, 51, 85)),                                        │             │
│                                                                                                 │                    │   border_bottom=('solid', Color(51, 51, 85)),                                       │             │
│                                                                                                 │                    │   border_left=('solid', Color(51, 51, 85)),                                         │             │
│                                                                                                 │                    │   width=Scalar(value=1.0, unit=<Unit.FRACTION: 2>, percent_unit=<Unit.WIDTH: 4>),   │             │
│                                                                                                 │                    │   height=Scalar(value=1.0, unit=<Unit.AUTO: 8>, percent_unit=<Unit.AUTO: 8>),       │             │
│                                                                                                 │                    │   min_height=Scalar(                                                                │             │
│                                                                                                 │                    │   │   value=3.0,                                                                    │             │
│                                                                                                 │                    │   │   unit=<Unit.CELLS: 1>,                                                         │             │
│                                                                                                 │                    │   │   percent_unit=<Unit.WIDTH: 4>                                                  │             │
│                                                                                                 │                    │   ),                                                                                │             │
│                                                                                                 │                    │   max_height=Scalar(                                                                │             │
│                                                                                                 │                    │   │   value=6.0,                                                                    │             │
│                                                                                                 │                    │   │   unit=<Unit.CELLS: 1>,                                                         │             │
│                                                                                                 │                    │   │   percent_unit=<Unit.WIDTH: 4>                                                  │             │
│                                                                                                 │                    │   ),                                                                                │             │
│                                                                                                 │                    │   overflow_x='auto',                                                                │             │
│                                                                                                 │                    │   overflow_y='auto',                                                                │             │
│                                                                                                 │                    │   scrollbar_color=Color(0, 48, 84),                                                 │             │
│                                                                                                 │                    │   scrollbar_color_hover=Color(0, 60, 106),                                          │             │
│                                                                                                 │                    │   scrollbar_color_active=Color(1, 120, 212),                                        │             │
│                                                                                                 │                    │   scrollbar_corner_color=Color(0, 0, 0),                                            │             │
│                                                                                                 │                    │   scrollbar_background=Color(0, 0, 0),                                              │             │
│                                                                                                 │                    │   scrollbar_background_hover=Color(0, 0, 0),                                        │             │
│                                                                                                 │                    │   scrollbar_background_active=Color(0, 0, 0),                                       │             │
│                                                                                                 │                    │   scrollbar_size_vertical=2,                                                        │             │
│                                                                                                 │                    │   scrollbar_size_horizontal=1,                                                      │             │
│                                                                                                 │                    │   link_color=Color(255, 255, 255, a=0.87),                                          │             │
│                                                                                                 │                    │   auto_link_color=True,                                                             │             │
│                                                                                                 │                    │   link_background=Color(0, 0, 0, a=0),                                              │             │
│                                                                                                 │                    │   link_style=Style(underline=True),                                                 │             │
│                                                                                                 │                    │   link_color_hover=Color(255, 255, 255, a=0.87),                                    │             │
│                                                                                                 │                    │   auto_link_color_hover=True,                                                       │             │
│                                                                                                 │                    │   link_background_hover=Color(1, 120, 212),                                         │             │
│                                                                                                 │                    │   link_style_hover=Style(bold=True, underline=False),                               │             │
│                                                                                                 │                    │   pointer='text'                                                                    │             │
│                                                                                                 │                    )                                                                                     │             │
│                                                                                                 │            width = 186                                                                                   │             │
│                                                                                                 ╰──────────────────────────────────────────────────────────────────────────────────────────────────────────╯             │
│                                                                                                                                                                                                                          │
│ C:\Users\ragun\.local\share\deBigBos\venv\Lib\site-packages\textual\widgets\_text_area.py:995 in _watch_show_vertical_scrollbar                                                                                         │
│                                                                                                                                                                                                                          │
│    992 │   def _watch_show_vertical_scrollbar(self) -> None:                                    ╭───────────────────────── locals ──────────────────────────╮                                                            │
│    993 │   │   if self.wrap_width:                                                              │ self = ChatInput(id='prompt-input', classes='chat-input') │                                                            │
│    994 │   │   │   self._rewrap_and_refresh_virtual_size()                                      ╰───────────────────────────────────────────────────────────╯                                                            │
│ ❱  995 │   │   self.scroll_cursor_visible()                                                                                                                                                                              │
│    996 │                                                                                                                                                                                                                 │
│    997 │   def _watch_theme(self, theme: str) -> None:                                                                                                                                                                   │
│    998 │   │   """We set the styles on this widget when the theme changes, to ensure that                                                                                                                                │
│                                                                                                                                                                                                                          │
│ C:\Users\ragun\.local\share\deBigBos\venv\Lib\site-packages\textual\widgets\_text_area.py:2040 in scroll_cursor_visible                                                                                                 │
│                                                                                                                                                                                                                          │
│   2037 │   │   """                                                                              ╭─────────────────────────── locals ───────────────────────────╮                                                         │
│   2038 │   │   if not self._has_cursor:                                                         │ animate = False                                              │                                                         │
│   2039 │   │   │   return Offset(0, 0)                                                          │  center = False                                              │                                                         │
│ ❱ 2040 │   │   self._recompute_cursor_offset()                                                  │    self = ChatInput(id='prompt-input', classes='chat-input') │                                                         │
│   2041 │   │                                                                                    ╰──────────────────────────────────────────────────────────────╯                                                         │
│   2042 │   │   x, y = self._cursor_offset                                                                                                                                                                                │
│   2043 │   │   scroll_offset = self.scroll_to_region(                                                                                                                                                                    │
│                                                                                                                                                                                                                          │
│ C:\Users\ragun\.local\share\deBigBos\venv\Lib\site-packages\textual\widgets\_text_area.py:912 in _recompute_cursor_offset                                                                                               │
│                                                                                                                                                                                                                          │
│    909 │                                                                                        ╭───────────────────────── locals ──────────────────────────╮                                                            │
│    910 │   def _recompute_cursor_offset(self):                                                  │ self = ChatInput(id='prompt-input', classes='chat-input') │                                                            │
│    911 │   │   """Recompute the (x, y) coordinate of the cursor in the wrapped document."""     ╰───────────────────────────────────────────────────────────╯                                                            │
│ ❱  912 │   │   self._cursor_offset = self.wrapped_document.location_to_offset(                                                                                                                                           │
│    913 │   │   │   self.cursor_location                                                                                                                                                                                  │
│    914 │   │   )                                                                                                                                                                                                         │
│    915                                                                                                                                                                                                                   │
│                                                                                                                                                                                                                          │
│ C:\Users\ragun\.local\share\deBigBos\venv\Lib\site-packages\textual\document\_wrapped_document.py:343 in location_to_offset                                                                                             │
│                                                                                                                                                                                                                          │
│   340 │   │   line_index = clamp(line_index, 0, len(self._line_index_to_offsets))              ╭───────────────────────────────────────────── locals ─────────────────────────────────────────────╮                      │
│   341 │   │                                                                                    │ column_index = 36                                                                                │                      │
│   342 │   │   # Find the section index of this location, so that we know which y_offset to use │   line_index = 1                                                                                 │                      │
│ ❱ 343 │   │   wrap_offsets = self.get_offsets(line_index)                                      │     location = (25, 36)                                                                          │                      │
│   344 │   │   section_start_columns = [0, *wrap_offsets]                                       │         self = <textual.document._wrapped_document.WrappedDocument object at 0x00000276675BFC50> │                      │
│   345 │   │   section_index = bisect_right(wrap_offsets, column_index)                         ╰──────────────────────────────────────────────────────────────────────────────────────────────────╯                      │
│   346                                                                                                                                                                                                                    │
│                                                                                                                                                                                                                          │
│ C:\Users\ragun\.local\share\deBigBos\venv\Lib\site-packages\textual\document\_wrapped_document.py:439 in get_offsets                                                                                                    │
│                                                                                                                                                                                                                          │
│   436 │   │   wrap_offsets = self._wrap_offsets                                                ╭───────────────────────────────────────────── locals ──────────────────────────────────────────────╮                     │
│   437 │   │   out_of_bounds = line_index < 0 or line_index >= len(wrap_offsets)                │    line_index = 1                                                                                 │                     │
│   438 │   │   if out_of_bounds:                                                                │ out_of_bounds = True                                                                              │                     │
│ ❱ 439 │   │   │   raise ValueError(                                                            │          self = <textual.document._wrapped_document.WrappedDocument object at 0x00000276675BFC50> │                     │
│   440 │   │   │   │   f"The document line index {line_index!r} is out of bounds. "             │  wrap_offsets = [[]]                                                                              │                     │
│   441 │   │   │   │   f"The document contains {len(wrap_offsets)!r} lines."                    ╰───────────────────────────────────────────────────────────────────────────────────────────────────╯                     │
│   442 │   │   │   )                                                                                                                                                                                                      │
╰──────────────────────────────────────────────────────────────────────────────────────────────────────────────────────────────────────────────────────────────────────────────────────────────────────────────────────────╯
ValueError: The document line index 1 is out of bounds. The document contains 1 lines.